2021.01.06 13:05:47 INFO  Started: Metals version 0.9.8 in workspace 'C:\Users\chase\ProjectOne\projectone' for client vscode.
2021.01.06 13:05:50 INFO  time: initialize in 2.96s
2021.01.06 13:05:52 WARN  Build server is not auto-connectable.
2021.01.06 13:05:52 WARN  no build target for: C:\Users\chase\ProjectOne\projectone\src\main\scala\Main.scala
2021.01.06 13:06:03 INFO  no build target: using presentation compiler with only scala-library
2021.01.06 14:06:49 WARN  no build target for: C:\Users\chase\ProjectOne\projectone\src\main\scala\Main.scala
Jan 06, 2021 2:07:24 PM org.eclipse.lsp4j.jsonrpc.services.GenericEndpoint notify
INFO: Unsupported notification method: $/setTraceNotification
2021.01.06 14:08:54 WARN  no build target for: C:\Users\chase\ProjectOne\projectone\src\main\scala\CSVReader.scala
2021.01.06 14:12:10 WARN  no build target for: C:\Users\chase\ProjectOne\projectone\build.sbt
2021.01.06 14:12:37 WARN  no build target for: C:\Users\chase\ProjectOne\projectone\build.sbt
2021.01.06 14:12:42 WARN  no build target for: C:\Users\chase\ProjectOne\projectone\build.sbt
2021.01.06 14:12:43 WARN  no build target for: C:\Users\chase\ProjectOne\projectone\build.sbt
2021.01.06 14:12:47 WARN  no build target for: C:\Users\chase\ProjectOne\projectone\build.sbt
2021.01.06 14:12:53 WARN  no build target for: C:\Users\chase\ProjectOne\projectone\build.sbt
2021.01.06 14:13:20 INFO  skipping build import with status 'Dismissed'
2021.01.06 14:13:27 WARN  no build target for: C:\Users\chase\ProjectOne\projectone\build.sbt
2021.01.06 14:13:27 INFO  skipping build import with status 'Dismissed'
2021.01.06 14:13:32 WARN  no build target for: C:\Users\chase\ProjectOne\projectone\build.sbt
2021.01.06 14:13:32 INFO  skipping build import with status 'Dismissed'
2021.01.06 14:13:34 WARN  no build target for: C:\Users\chase\ProjectOne\projectone\build.sbt
2021.01.06 14:13:34 INFO  skipping build import with status 'Dismissed'
2021.01.06 14:13:42 WARN  no build target for: C:\Users\chase\ProjectOne\projectone\build.sbt
2021.01.06 14:13:42 INFO  skipping build import with status 'Dismissed'
2021.01.06 14:13:47 WARN  no build target for: C:\Users\chase\ProjectOne\projectone\build.sbt
2021.01.06 14:13:47 INFO  skipping build import with status 'Dismissed'
2021.01.06 14:14:15 WARN  no build target for: C:\Users\chase\ProjectOne\projectone\src\main\scala\CSVReader.scala
2021.01.06 14:14:17 WARN  no build target for: C:\Users\chase\ProjectOne\projectone\src\main\scala\CSVReader.scala
2021.01.06 14:14:18 WARN  no build target for: C:\Users\chase\ProjectOne\projectone\src\main\scala\CSVReader.scala
2021.01.06 14:16:11 WARN  no build target for: C:\Users\chase\ProjectOne\projectone\src\main\scala\CSVReader.scala
2021.01.06 14:16:11 WARN  no build target for: C:\Users\chase\ProjectOne\projectone\src\main\scala\CSVReader.scala
2021.01.06 14:16:16 WARN  no build target for: C:\Users\chase\ProjectOne\projectone\src\main\scala\CSVReader.scala
2021.01.06 14:16:19 WARN  no build target for: C:\Users\chase\ProjectOne\projectone\src\main\scala\CSVReader.scala
2021.01.06 14:17:11 WARN  no build target for: C:\Users\chase\ProjectOne\projectone\src\main\scala\CSVReader.scala
2021.01.06 14:17:41 WARN  no build target for: C:\Users\chase\ProjectOne\projectone\src\main\scala\LegoSet.scala
2021.01.06 14:18:08 WARN  no build target for: C:\Users\chase\ProjectOne\projectone\src\main\scala\LegoSet.scala
2021.01.06 14:18:18 WARN  no build target for: C:\Users\chase\ProjectOne\projectone\src\main\scala\LegoSet.scala
2021.01.06 14:18:20 WARN  no build target for: C:\Users\chase\ProjectOne\projectone\src\main\scala\LegoSet.scala
2021.01.06 14:18:22 WARN  no build target for: C:\Users\chase\ProjectOne\projectone\src\main\scala\LegoSet.scala
2021.01.06 14:18:25 WARN  no build target for: C:\Users\chase\ProjectOne\projectone\src\main\scala\LegoSet.scala
2021.01.06 14:25:27 WARN  no build target for: C:\Users\chase\ProjectOne\projectone\src\main\scala\LegoSet.scala
2021.01.06 14:25:30 WARN  no build target for: C:\Users\chase\ProjectOne\projectone\src\main\scala\LegoSet.scala
2021.01.06 14:25:35 WARN  no build target for: C:\Users\chase\ProjectOne\projectone\src\main\scala\LegoSet.scala
2021.01.06 14:25:45 WARN  no build target for: C:\Users\chase\ProjectOne\projectone\src\main\scala\LegoSet.scala
2021.01.06 14:25:51 WARN  no build target for: C:\Users\chase\ProjectOne\projectone\src\main\scala\LegoSet.scala
2021.01.06 14:25:54 WARN  no build target for: C:\Users\chase\ProjectOne\projectone\src\main\scala\LegoSet.scala
2021.01.06 14:25:55 WARN  no build target for: C:\Users\chase\ProjectOne\projectone\src\main\scala\LegoSet.scala
2021.01.06 14:25:56 WARN  no build target for: C:\Users\chase\ProjectOne\projectone\src\main\scala\LegoSet.scala
2021.01.06 14:25:57 WARN  no build target for: C:\Users\chase\ProjectOne\projectone\src\main\scala\LegoSet.scala
2021.01.06 14:26:05 WARN  no build target for: C:\Users\chase\ProjectOne\projectone\src\main\scala\LegoSet.scala
2021.01.06 14:26:07 WARN  no build target for: C:\Users\chase\ProjectOne\projectone\src\main\scala\LegoSet.scala
2021.01.06 14:26:09 WARN  no build target for: C:\Users\chase\ProjectOne\projectone\src\main\scala\LegoSet.scala
2021.01.06 14:26:12 WARN  no build target for: C:\Users\chase\ProjectOne\projectone\src\main\scala\LegoSet.scala
2021.01.06 14:26:23 WARN  no build target for: C:\Users\chase\ProjectOne\projectone\src\main\scala\LegoSet.scala
2021.01.06 14:26:25 WARN  no build target for: C:\Users\chase\ProjectOne\projectone\src\main\scala\LegoSet.scala
2021.01.06 14:26:30 WARN  no build target for: C:\Users\chase\ProjectOne\projectone\src\main\scala\LegoSet.scala
2021.01.06 14:26:32 WARN  no build target for: C:\Users\chase\ProjectOne\projectone\src\main\scala\LegoSet.scala
2021.01.06 14:27:19 WARN  no build target for: C:\Users\chase\ProjectOne\projectone\src\main\scala\LegoSet.scala
2021.01.06 14:27:23 WARN  no build target for: C:\Users\chase\ProjectOne\projectone\src\main\scala\LegoSet.scala
2021.01.06 14:27:51 WARN  no build target for: C:\Users\chase\ProjectOne\projectone\src\main\scala\LegoSet.scala
2021.01.06 14:27:52 WARN  no build target for: C:\Users\chase\ProjectOne\projectone\src\main\scala\LegoSet.scala
2021.01.06 14:27:54 WARN  no build target for: C:\Users\chase\ProjectOne\projectone\src\main\scala\LegoSet.scala
2021.01.06 14:27:57 WARN  no build target for: C:\Users\chase\ProjectOne\projectone\src\main\scala\LegoSet.scala
2021.01.06 14:28:53 WARN  no build target for: C:\Users\chase\ProjectOne\projectone\src\main\scala\LegoSet.scala
2021.01.06 14:29:02 WARN  no build target for: C:\Users\chase\ProjectOne\projectone\src\main\scala\LegoSet.scala
2021.01.06 14:29:04 WARN  no build target for: C:\Users\chase\ProjectOne\projectone\src\main\scala\LegoSet.scala
2021.01.06 14:29:17 WARN  no build target for: C:\Users\chase\ProjectOne\projectone\src\main\scala\LegoSet.scala
2021.01.06 14:29:27 WARN  no build target for: C:\Users\chase\ProjectOne\projectone\src\main\scala\LegoSet.scala
2021.01.06 14:29:32 WARN  no build target for: C:\Users\chase\ProjectOne\projectone\src\main\scala\LegoSet.scala
2021.01.06 14:29:36 WARN  no build target for: C:\Users\chase\ProjectOne\projectone\src\main\scala\LegoSet.scala
2021.01.06 14:30:05 WARN  no build target for: C:\Users\chase\ProjectOne\projectone\src\main\scala\CSVReader.scala
2021.01.06 14:30:14 WARN  no build target for: C:\Users\chase\ProjectOne\projectone\src\main\scala\CSVReader.scala
2021.01.06 14:30:23 WARN  no build target for: C:\Users\chase\ProjectOne\projectone\src\main\scala\CSVReader.scala
2021.01.06 14:30:26 WARN  no build target for: C:\Users\chase\ProjectOne\projectone\src\main\scala\CSVReader.scala
2021.01.06 14:30:47 WARN  no build target for: C:\Users\chase\ProjectOne\projectone\src\main\scala\CSVReader.scala
2021.01.06 14:30:52 WARN  no build target for: C:\Users\chase\ProjectOne\projectone\src\main\scala\CSVReader.scala
2021.01.06 14:31:00 WARN  no build target for: C:\Users\chase\ProjectOne\projectone\src\main\scala\CSVReader.scala
2021.01.06 14:31:54 WARN  no build target for: C:\Users\chase\ProjectOne\projectone\src\main\scala\Main.scala
2021.01.06 14:31:59 WARN  no build target for: C:\Users\chase\ProjectOne\projectone\src\main\scala\Main.scala
2021.01.06 14:31:59 WARN  no build target for: C:\Users\chase\ProjectOne\projectone\src\main\scala\Main.scala
2021.01.06 14:32:12 WARN  no build target for: C:\Users\chase\ProjectOne\projectone\src\main\scala\Main.scala
2021.01.06 14:32:15 WARN  no build target for: C:\Users\chase\ProjectOne\projectone\src\main\scala\Main.scala
2021.01.06 14:32:58 WARN  no build target for: C:\Users\chase\ProjectOne\projectone\src\main\scala\Main.scala
2021.01.06 14:33:00 WARN  no build target for: C:\Users\chase\ProjectOne\projectone\src\main\scala\Main.scala
2021.01.06 14:33:09 WARN  no build target for: C:\Users\chase\ProjectOne\projectone\src\main\scala\Main.scala
2021.01.06 14:33:17 WARN  no build target for: C:\Users\chase\ProjectOne\projectone\src\main\scala\Main.scala
2021.01.06 14:33:21 WARN  no build target for: C:\Users\chase\ProjectOne\projectone\src\main\scala\Main.scala
2021.01.06 14:33:27 WARN  no build target for: C:\Users\chase\ProjectOne\projectone\src\main\scala\Main.scala
2021.01.06 14:33:29 WARN  no build target for: C:\Users\chase\ProjectOne\projectone\src\main\scala\Main.scala
2021.01.06 14:33:31 WARN  no build target for: C:\Users\chase\ProjectOne\projectone\src\main\scala\Main.scala
2021.01.06 14:33:40 WARN  no build target for: C:\Users\chase\ProjectOne\projectone\src\main\scala\Main.scala
2021.01.06 14:33:43 WARN  no build target for: C:\Users\chase\ProjectOne\projectone\src\main\scala\Main.scala
2021.01.06 14:33:44 WARN  no build target for: C:\Users\chase\ProjectOne\projectone\src\main\scala\Main.scala
2021.01.06 14:33:48 WARN  no build target for: C:\Users\chase\ProjectOne\projectone\src\main\scala\Main.scala
2021.01.06 14:36:25 WARN  no build target for: C:\Users\chase\ProjectOne\projectone\src\main\scala\CSVReader.scala
2021.01.06 14:39:25 WARN  no build target for: C:\Users\chase\ProjectOne\projectone\src\main\scala\LegoSet.scala
2021.01.06 14:39:27 WARN  no build target for: C:\Users\chase\ProjectOne\projectone\src\main\scala\LegoSet.scala
2021.01.06 14:39:32 WARN  no build target for: C:\Users\chase\ProjectOne\projectone\src\main\scala\CSVReader.scala
2021.01.06 14:40:30 WARN  no build target for: C:\Users\chase\ProjectOne\projectone\src\main\scala\CSVReader.scala
2021.01.06 14:42:55 WARN  no build target for: C:\Users\chase\ProjectOne\projectone\src\main\scala\CSVReader.scala
2021.01.06 14:42:56 WARN  no build target for: C:\Users\chase\ProjectOne\projectone\src\main\scala\CSVReader.scala
2021.01.06 14:45:16 WARN  no build target for: C:\Users\chase\ProjectOne\projectone\src\main\scala\CSVReader.scala
2021.01.06 14:45:18 WARN  no build target for: C:\Users\chase\ProjectOne\projectone\src\main\scala\CSVReader.scala
2021.01.06 14:45:25 WARN  no build target for: C:\Users\chase\ProjectOne\projectone\src\main\scala\LegoSet.scala
2021.01.06 14:45:28 WARN  no build target for: C:\Users\chase\ProjectOne\projectone\src\main\scala\LegoSet.scala
2021.01.06 14:46:06 WARN  no build target for: C:\Users\chase\ProjectOne\projectone\src\main\scala\Main.scala
2021.01.06 14:46:10 WARN  no build target for: C:\Users\chase\ProjectOne\projectone\src\main\scala\Main.scala
2021.01.06 14:46:12 WARN  no build target for: C:\Users\chase\ProjectOne\projectone\src\main\scala\Main.scala
2021.01.06 14:46:19 WARN  no build target for: C:\Users\chase\ProjectOne\projectone\src\main\scala\Main.scala
2021.01.06 14:46:23 WARN  no build target for: C:\Users\chase\ProjectOne\projectone\src\main\scala\Main.scala
2021.01.06 14:46:24 WARN  no build target for: C:\Users\chase\ProjectOne\projectone\src\main\scala\Main.scala
2021.01.06 14:46:26 WARN  no build target for: C:\Users\chase\ProjectOne\projectone\src\main\scala\Main.scala
2021.01.06 14:48:18 WARN  no build target for: C:\Users\chase\ProjectOne\projectone\src\main\scala\CSVReader.scala
2021.01.06 14:48:26 WARN  no build target for: C:\Users\chase\ProjectOne\projectone\src\main\scala\LegoSet.scala
